<?xml version="1.0" encoding="UTF-8"?>
<testng-results ignored="0" total="1" passed="1" failed="0" skipped="0">
  <reporter-output>
  </reporter-output>
  <suite started-at="2024-08-31T13:00:40 IST" name="Default suite" finished-at="2024-08-31T13:00:58 IST" duration-ms="18265">
    <groups>
    </groups>
    <test started-at="2024-08-31T13:00:40 IST" name="Default test" finished-at="2024-08-31T13:00:58 IST" duration-ms="18265">
      <class name="TC_Repo.LE_04">
        <test-method is-config="true" signature="createConnetion()[pri:0, instance:TC_Repo.LE_04@6d4d66d2]" started-at="2024-08-31T13:00:40 IST" name="createConnetion" finished-at="2024-08-31T13:00:40 IST" duration-ms="7" status="PASS">
          <reporter-output>
          </reporter-output>
        </test-method> <!-- createConnetion -->
        <test-method is-config="true" signature="launchingBrowser()[pri:0, instance:TC_Repo.LE_04@6d4d66d2]" started-at="2024-08-31T13:00:40 IST" name="launchingBrowser" finished-at="2024-08-31T13:00:43 IST" duration-ms="2847" status="PASS">
          <reporter-output>
          </reporter-output>
        </test-method> <!-- launchingBrowser -->
        <test-method is-config="true" signature="loginApp()[pri:0, instance:TC_Repo.LE_04@6d4d66d2]" started-at="2024-08-31T13:00:43 IST" name="loginApp" finished-at="2024-08-31T13:00:45 IST" duration-ms="2190" status="PASS">
          <reporter-output>
          </reporter-output>
        </test-method> <!-- loginApp -->
        <test-method signature="le_04Case()[pri:0, instance:TC_Repo.LE_04@6d4d66d2]" started-at="2024-08-31T13:00:45 IST" name="le_04Case" finished-at="2024-08-31T13:00:54 IST" duration-ms="9465" status="PASS">
          <reporter-output>
          </reporter-output>
        </test-method> <!-- le_04Case -->
        <test-method is-config="true" signature="logoutApp()[pri:0, instance:TC_Repo.LE_04@6d4d66d2]" started-at="2024-08-31T13:00:54 IST" name="logoutApp" finished-at="2024-08-31T13:00:58 IST" duration-ms="3382" status="PASS">
          <reporter-output>
          </reporter-output>
        </test-method> <!-- logoutApp -->
        <test-method is-config="true" signature="closeApp()[pri:0, instance:TC_Repo.LE_04@6d4d66d2]" started-at="2024-08-31T13:00:58 IST" name="closeApp" finished-at="2024-08-31T13:00:58 IST" duration-ms="337" status="PASS">
          <reporter-output>
          </reporter-output>
        </test-method> <!-- closeApp -->
        <test-method is-config="true" signature="closeCennection()[pri:0, instance:TC_Repo.LE_04@6d4d66d2]" started-at="2024-08-31T13:00:58 IST" name="closeCennection" finished-at="2024-08-31T13:00:58 IST" duration-ms="1" status="PASS">
          <reporter-output>
          </reporter-output>
        </test-method> <!-- closeCennection -->
      </class> <!-- TC_Repo.LE_04 -->
    </test> <!-- Default test -->
  </suite> <!-- Default suite -->
</testng-results>
